   1.0000000000000000        7.8999999985098839        28.336666656831898        78.719916625659906        187.98866820110797        0.0000000000000000     
   1.0000000000000000        7.7999999970197678        27.679999980529150        75.995999919652945        179.25135974364201        0.0000000000000000     
   1.0000000000000000        7.6999999955296516        27.029999971091744        73.327749881956720        170.78313462738214        0.0000000000000000     
   1.0000000000000000        7.5999999940395355        26.386666628519695        70.714666512548931        162.57909285211090        0.0000000000000000     
   1.0000000000000000        7.4999999925494194        25.749999952812988        68.156249811407179        154.63437441761295        0.0000000000000000     
   1.0000000000000000        7.3999999910593033        25.119999943971635        65.651999778509150        146.94415932367565        0.0000000000000000     
   1.0000000000000000        7.2999999895691872        24.496666601995628        63.201416413832462        139.50366757008851        0.0000000000000000     
   1.0000000000000000        7.1999999880790710        23.879999926884967        60.803999717354770        132.30815915664351        0.0000000000000000     
   1.0000000000000000        7.0999999865889549        23.269999918639659        58.459249689053735        125.35293408313512        0.0000000000000000     
   1.0000000000000000        6.9999999850988388        22.666666577259701        56.166666328907013        118.63333234935999        0.0000000000000000     
   1.0000000000000000        6.8999999836087227        22.069999902745085        53.925749636892220        112.14473395511725        0.0000000000000000     
   1.0000000000000000        6.7999999821186066        21.479999895095826        51.735999612987044        105.88255890020848        0.0000000000000000     
   1.0000000000000000        6.6999999806284904        20.896666554311910        49.596916257169099        99.842267184437517        0.0000000000000000     
   1.0000000000000000        6.5999999791383743        20.319999880393343        47.507999569416043        94.019358807610658        0.0000000000000000     
   1.0000000000000000        6.4999999776482582        19.749999873340130        45.468749549705535        88.409373769536614        0.0000000000000000     
   1.0000000000000000        6.3999999761581421        19.186666533152263        43.478666198015212        83.007892070026401        0.0000000000000000     
   1.0000000000000000        6.2999999746680260        18.629999859829741        41.537249514322724        77.810533708893459        0.0000000000000000     
   1.0000000000000000        6.1999999731779099        18.079999853372573        39.643999498605730        72.812958685953618        0.0000000000000000     
   1.0000000000000000        6.0999999716877937        17.536666513780755        37.798416150841867        68.010867001025090        0.0000000000000000     
   1.0000000000000000        5.9999999701976776        16.999999841054279        35.999999471008778        63.399998653928449        0.0000000000000000     
   1.0000000000000000        5.8999999687075615        16.469999835193157        34.248249459084121        58.976133644486666        0.0000000000000000     
   1.0000000000000000        5.7999999672174454        15.946666496197382        32.542666115045549        54.735091972525126        0.0000000000000000     
   1.0000000000000000        5.6999999657273293        15.429999824066956        30.882749438870697        50.672733637871538        0.0000000000000000     
   1.0000000000000000        5.5999999642372131        14.919999818801879        29.267999430537223        46.784958640356066        0.0000000000000000     
   1.0000000000000000        5.4999999627470970        14.416666480402151        27.697916090022773        43.067706979811206        0.0000000000000000     
   1.0000000000000000        5.3999999612569809        13.919999808867773        26.171999417304995        39.516958656071829        0.0000000000000000     
   1.0000000000000000        5.2999999597668648        13.429999804198744        24.689749412361536        36.128733668975244        0.0000000000000000     
   1.0000000000000000        5.1999999582767487        12.946666466395060        23.250666075170038        32.899092018361095        0.0000000000000000     
   1.0000000000000000        5.0999999567866325        12.469999795456728        21.854249405708167        29.824133704071453        0.0000000000000000     
   1.0000000000000000        4.9999999552965164        11.999999791383743        20.499999403953552        26.899998725950717        0.0000000000000000     
   1.0000000000000000        4.8999999538064003        11.536666454176109        19.187416069883856        24.122867083845748        0.0000000000000000     
   1.0000000000000000        4.7999999523162842        11.079999783833822        17.915999403476718        21.488958777605703        0.0000000000000000     
   1.0000000000000000        4.6999999508261681        10.629999780356885        16.685249404709790        18.994533807082192        0.0000000000000000     
   1.0000000000000000        4.5999999493360519        10.186666443745295        15.494666073560719        16.635892172129168        0.0000000000000000     
   1.0000000000000000        4.4999999478459358        9.7499997739990558        14.343749410007153        14.409373872602995        0.0000000000000000     
   1.0000000000000000        4.3999999463558197        9.3199997711181641        13.231999414026742        12.311358908362404        0.0000000000000000     
   1.0000000000000000        4.2999999448657036        8.8966664351026239        12.158916085597138        10.338267279268530        0.0000000000000000     
   1.0000000000000000        4.1999999433755875        8.4799997659524298        11.123999424695977        8.4865589851848533        0.0000000000000000     
   1.0000000000000000        4.0999999418854713        8.0699997636675835        10.126749431300912        6.7527340259772703        0.0000000000000000     
   1.0000000000000000        3.9999999403953552        7.6666664282480887        9.1666661053896021        5.1333324015140764        0.0000000000000000     
   1.0000000000000000        3.8999999389052391        7.2699997596939419        8.2432494469396858        3.6249341116659108        0.0000000000000000     
   1.0000000000000000        3.7999999374151230        6.8799997580051437        7.3559994559288100        2.2241591563058107        0.0000000000000000     
   1.0000000000000000        3.6999999359250069        6.4966664231816944        6.5044161323346277       0.92766753530921731        0.0000000000000000     
   1.0000000000000000        3.5999999344348907        6.1199997552235930        5.6879994761347827      -0.26784075144607017        0.0000000000000000     
   1.0000000000000000        3.4999999329447746        5.7499997541308412        4.9062494873069298       -1.3656257040798452        0.0000000000000000     
   1.0000000000000000        3.3999999314546585        5.3866664199034391        4.1586661658287127       -2.3689073227095392        0.0000000000000000     
   1.0000000000000000        3.2999999299645424        5.0299997525413849        3.4447495116777809       -3.2808656074501839        0.0000000000000000     
   1.0000000000000000        3.1999999284744263        4.6799997520446794        2.7639995248317799       -4.1046405584144381        0.0000000000000000     
   1.0000000000000000        3.0999999269843102        4.3366664184133228        2.1159162052683609       -4.8433321757125656        0.0000000000000000     
   1.0000000000000000        2.9999999254941940        3.9999997516473158        1.4999995529651748       -5.5000004594524459        0.0000000000000000     
   1.0000000000000000        2.8999999240040779        3.6699997517466563       0.91574956789986217       -6.0776654097395921        0.0000000000000000     
   1.0000000000000000        2.7999999225139618        3.3466664187113460       0.36266625005007569       -6.5793070266771112        0.0000000000000000     
   1.0000000000000000        2.6999999210238457        3.0299997525413858      -0.15975040060653178       -7.0078653103657320        0.0000000000000000     
   1.0000000000000000        2.5999999195337296        2.7199997532367726      -0.65200038409232164       -7.3662402609038136        0.0000000000000000     
   1.0000000000000000        2.4999999180436134        2.4166664207975095       -1.1145837004296375       -7.6572918783873094        0.0000000000000000     
   1.0000000000000000        2.3999999165534973        2.1199997552235943       -1.5480003496408363       -7.8838401629098032        0.0000000000000000     
   1.0000000000000000        2.2999999150633812        1.8299997565150286       -1.9527503317482666       -8.0486651145624908        0.0000000000000000     
   1.0000000000000000        2.1999999135732651        1.5466664246718114       -2.3293336467742818       -8.1545067334341805        0.0000000000000000     
   1.0000000000000000        2.0999999120831490        1.2699997596939430       -2.6782502947412330       -8.2040650196112992        0.0000000000000000     
   1.0000000000000000        1.9999999105930328       0.99999976158142323       -3.0000002756714723       -8.1999999731778903        0.0000000000000000     
   1.0000000000000000        1.8999999091029167       0.73666643033425316       -3.2950835895873496       -8.1449315942156115        0.0000000000000000     
   1.0000000000000000        1.7999999076128006       0.47999976595243093       -3.5640002365112196       -8.0414398828037381        0.0000000000000000     
   1.0000000000000000        1.6999999061226845       0.22999976843595782       -3.8072502164654325       -7.8920648390191603        0.0000000000000000     
   1.0000000000000000        1.5999999046325684       -1.3333562215166239E-002  -4.0253335294723396       -7.6993064629363825        0.0000000000000000     
   1.0000000000000000        1.4999999031424522      -0.25000022600094179       -4.2187501755542947       -7.4656247546275285        0.0000000000000000     
   1.0000000000000000        1.3999999016523361      -0.48000022292136829       -4.3880001547336462       -7.1934397141623325        0.0000000000000000     
   1.0000000000000000        1.2999999001622200      -0.70333355297644606       -4.5335834670327486       -6.8851313416081492        0.0000000000000000     
   1.0000000000000000        1.1999998986721039      -0.92000021616617500       -4.6560001124739534       -6.5430396370299508        0.0000000000000000     
   1.0000000000000000        1.0999998971819878       -1.1300002124905550       -4.7557500910796104       -6.1694646004903166        0.0000000000000000     
   1.0000000000000000       0.99999989569187164       -1.3333335419495864       -4.8333334028720731       -5.7666662320494497        0.0000000000000000     
   1.0000000000000000       0.89999989420175552       -1.5300002045432688       -4.8892500478736931       -5.3368645317651682        0.0000000000000000     
   1.0000000000000000       0.79999989271163940       -1.7200002002716026       -4.9240000261068229       -4.8822394996929042        0.0000000000000000     
   1.0000000000000000       0.69999989122152328       -1.9033335291345874       -4.9380833375938114       -4.4049311358857022        0.0000000000000000     
   1.0000000000000000       0.59999988973140717       -2.0800001911322235       -4.9319999823570129       -3.9070394403942310        0.0000000000000000     
   1.0000000000000000       0.49999988824129105       -2.2500001862645109       -4.9062499604187790       -3.3906244132667682        0.0000000000000000     
   1.0000000000000000       0.39999988675117493       -2.4133335145314492       -4.8613332718014597       -2.8577060545492072        0.0000000000000000     
   1.0000000000000000       0.29999988526105881       -2.5700001759330386       -4.7977499165274082       -2.3102643642850631        0.0000000000000000     
   1.0000000000000000       0.19999988377094269       -2.7200001704692798       -4.7159998946189763       -1.7502393425154608        0.0000000000000000     
   1.0000000000000000        9.9999882280826569E-002  -2.8633334981401717       -4.6165832060985155       -1.1795309892791450        0.0000000000000000     
   1.0000000000000000       -1.1920928955078125E-007  -3.0000001589457148       -4.4999998509883765      -0.59999930461247286        0.0000000000000000     
   1.0000000000000000      -0.10000012069940567       -3.1300001528859092       -4.3667498293109119       -1.3464288549420190E-002   0.0000000000000000     
   1.0000000000000000      -0.20000012218952179       -3.2533334799607547       -4.2173331410884742       0.57829405887842422        0.0000000000000000     
   1.0000000000000000      -0.30000012367963791       -3.3700001401702515       -4.0522497863434142        1.1735357376418534        0.0000000000000000     
   1.0000000000000000      -0.40000012516975403       -3.4800001335143995       -3.8719997650980842        1.7705607477140433        0.0000000000000000     
   1.0000000000000000      -0.50000012665987015       -3.5833334599931983       -3.6770830773748342        2.3677090890705577        0.0000000000000000     
   1.0000000000000000      -0.60000012814998627       -3.6800001196066483       -3.4679997231960185        2.9633607616893416        0.0000000000000000     
   1.0000000000000000      -0.70000012964010239       -3.7700001123547495       -3.2452497025839868        3.5559357655507293        0.0000000000000000     
   1.0000000000000000      -0.80000013113021851       -3.8533334382375024       -3.0093330155610927        4.1438941006374312        0.0000000000000000     
   1.0000000000000000      -0.90000013262033463       -3.9300000972549061       -2.7607496621496868        4.7257357669345472        0.0000000000000000     
   1.0000000000000000       -1.0000001341104507       -4.0000000894069609       -2.4999996423721207        5.3000007644295604        0.0000000000000000     
   1.0000000000000000       -1.1000001356005669       -4.0633334146936670       -2.2275829562507461        5.8652690931123397        0.0000000000000000     
   1.0000000000000000       -1.2000001370906830       -4.1200000731150253       -1.9439996038079173        6.4201607529751339        0.0000000000000000     
   1.0000000000000000       -1.3000001385807991       -4.1700000646710329       -1.6497495850659805        6.9633357440125820        0.0000000000000000     
   1.0000000000000000       -1.4000001400709152       -4.2133333893616927       -1.3453329000472927        7.4934940662217002        0.0000000000000000     
   1.0000000000000000       -1.5000001415610313       -4.2500000471870036       -1.0312495487742028        8.0093757196018949        0.0000000000000000     
   1.0000000000000000       -1.6000001430511475       -4.2800000381469658      -0.70799953126906434        8.5097607041549512        0.0000000000000000     
   1.0000000000000000       -1.7000001445412636       -4.3033333622415793      -0.37608284755422794        8.9934690198850440        0.0000000000000000     
   1.0000000000000000       -1.8000001460313797       -4.3200000194708439       -3.5999497652046131E-002   9.4593606667987302        0.0000000000000000     
   1.0000000000000000       -1.9000001475214958       -4.3300000098347589       0.31175051841513124        9.9063356449049476        0.0000000000000000     
   1.0000000000000000       -2.0000001490116119       -4.3333333333333259       0.66666720062494988        10.333333954215027        0.0000000000000000     
   1.0000000000000000       -2.1000001505017281       -4.3299999899665442        1.0282505489550600        10.739335594742672        0.0000000000000000     
   1.0000000000000000       -2.2000001519918442       -4.3199999797344129        1.3960005633831090        11.123360566503973        0.0000000000000000     
   1.0000000000000000       -2.3000001534819603       -4.3033333026369336        1.7694172438867448        11.484468869517418        0.0000000000000000     
   1.0000000000000000       -2.4000001549720764       -4.2799999586741047        2.1480005904436168        11.821760503803858        0.0000000000000000     
   1.0000000000000000       -2.5000001564621925       -4.2499999478459278        2.5312506030313719        12.134375469386546        0.0000000000000000     
   1.0000000000000000       -2.6000001579523087       -4.2133332701524013        2.9186672816276600        12.421493766291109        0.0000000000000000     
   1.0000000000000000       -2.7000001594424248       -4.1699999255935269        3.3097506262101271        12.682335394545561        0.0000000000000000     
   1.0000000000000000       -2.8000001609325409       -4.1199999141693029        3.7040006367564238        12.916160354180301        0.0000000000000000     
   1.0000000000000000       -2.9000001624226570       -4.0633332358797309        4.1009173132441958        13.122268645228109        0.0000000000000000     
   1.0000000000000000       -3.0000001639127731       -3.9999998907248089        4.5000006556510943        13.300000267724158        0.0000000000000000     
   1.0000000000000000       -3.1000001654028893       -3.9299998787045389        4.9007506639547662        13.448735221705993        0.0000000000000000     
   1.0000000000000000       -3.2000001668930054       -3.8533331998189198        5.3026673381328591        13.567893507213551        0.0000000000000000     
   1.0000000000000000       -3.3000001683831215       -3.7699998540679522        5.7052506781630221        13.656935124289152        0.0000000000000000     
   1.0000000000000000       -3.4000001698732376       -3.6799998414516355        6.1080006840229029        13.715360072977498        0.0000000000000000     
   1.0000000000000000       -3.5000001713633537       -3.5833331619699700        6.5104173556901497        13.742708353325678        0.0000000000000000     
   1.0000000000000000       -3.6000001728534698       -3.4799998156229557        6.9120006931424118        13.738559965383164        0.0000000000000000     
   1.0000000000000000       -3.7000001743435860       -3.3699998024105926        7.3122506963573368        13.702534909201812        0.0000000000000000     
   1.0000000000000000       -3.8000001758337021       -3.2533331223328807        7.7106673653125721        13.634293184835860        0.0000000000000000     
   1.0000000000000000       -3.9000001773238182       -3.1299997753898197        8.1067506999857670        13.533534792341936        0.0000000000000000     
   1.0000000000000000       -4.0000001788139343       -2.9999997615814102        8.5000007003545708        13.399999731779047        0.0000000000000000     
   1.0000000000000000       -4.1000001803040504       -2.8633330809076516        8.8899173663966291        13.233468003208582        0.0000000000000000     
   1.0000000000000000       -4.2000001817941666       -2.7199997333685446        9.2760006980895930        13.033759606694327        0.0000000000000000     
   1.0000000000000000       -4.3000001832842827       -2.5699997189640889        9.6577506954111083        12.800734542302433        0.0000000000000000     
   1.0000000000000000       -4.4000001847743988       -2.4133330376942839        10.034667358338824        12.534292810101451        0.0000000000000000     
   1.0000000000000000       -4.5000001862645149       -2.2499996895591301        10.406250686850388        12.234374410162312        0.0000000000000000     
   1.0000000000000000       -4.6000001877546310       -2.0799996745586280        10.772000680923451        11.900959342558327        0.0000000000000000     
   1.0000000000000000       -4.7000001892447472       -1.9033329926927767        11.131417340535659        11.534067607365191        0.0000000000000000     
   1.0000000000000000       -4.8000001907348633       -1.7199996439615763        11.484000665664659        11.133759204660990        0.0000000000000000     
   1.0000000000000000       -4.9000001922249794       -1.5299996283650275        11.829250656288103        10.700134134526191        0.0000000000000000     
   1.0000000000000000       -5.0000001937150955       -1.3333329459031298        12.166667312383636        10.233332397043643        0.0000000000000000     
