   1.2027386708890436E-004   3.4720074770128097E-005   1.4174411169682298E-005   6.9440149540256191E-006   3.8225544244388989E-006                       NaN
   1.6563309845246596E-003   4.7814156989121502E-004   1.9520047850779621E-004   9.5628313978243009E-005   5.2641654305086104E-005                       NaN
   7.2171882119348068E-003   2.0834227784763772E-003   8.5055378762645243E-004   4.1668455569527545E-004   2.2937729865413756E-004                       NaN
   1.9632646472273162E-002   5.6674568628358327E-003   2.3137295755304172E-003   1.1334913725671667E-003   6.2396646463989708E-004                       NaN
   4.1254826690521856E-002   1.1909242647572076E-002   4.8619279515906295E-003   2.3818485295144152E-003   1.3111644625074380E-003                       NaN
   7.3630138927039665E-002   2.1255190264997947E-002   8.6773950891695546E-003   4.2510380529995895E-003   2.3401194302629306E-003                       NaN
  0.11740825873891224        3.3892844893998110E-002   1.3836695986931597E-002   6.7785689787996217E-003   3.7314794125339907E-003                       NaN
  0.17239406240704999        4.9765879168701725E-002   2.0316835094053652E-002   9.9531758337403457E-003   5.4790429704397372E-003                       NaN
  0.23767760484608280        6.8611614569115714E-002   2.8010574353806963E-002   1.3722322913823141E-002   7.5538901507412283E-003                       NaN
  0.31179855147562485        9.0008488813693707E-002   3.6745811685426184E-002   1.8001697762738741E-002   9.9096084737658133E-003                       NaN
  0.39291689427592719       0.11342533733967916        4.6305700064210982E-002   2.2685067467935832E-002   1.2487718645822075E-002                       NaN
  0.47897275981612758       0.13826752590716962        5.6447481078269877E-002   2.7653505181433925E-002   1.5222753591746407E-002                       NaN
  0.56782578325006794       0.16391718440611841        6.6918910311447630E-002   3.2783436881223683E-002   1.8046688051267211E-002                       NaN
  0.65736974310034757       0.18976629906805040        7.7471767182185750E-002   3.7953259813610085E-002   2.0892581911605576E-002                       NaN
  0.74562158697126601       0.21524241197572822        8.7872346724409550E-002   4.3048482395145637E-002   2.3697409630367695E-002                       NaN
  0.83078612774833338       0.23982729724725352        9.7909084107759975E-002   4.7965459449450708E-002   2.6404116415741516E-002                       NaN
  0.91129892883921859       0.26306934093877021       0.10739760871170807        5.2613868187754043E-002   2.8962981208925872E-002                       NaN
  0.98585050538934571       0.28459052733363371       0.11618359626616523        5.6918105466726737E-002   3.1332385849253380E-002                       NaN
   1.0533951525824832       0.30408898745327173       0.12414380927668528        6.0817797490654350E-002   3.3479095656001670E-002                       NaN
   1.1131476225724311       0.32133803976999248       0.13118570539710825        6.4267607953998496E-002   3.5378153814349514E-002                       NaN
   1.1645706163548379       0.33618257942139707       0.13724596333251721        6.7236515884279410E-002   3.7012483840967302E-002                       NaN
   1.2073557121738974       0.34853357271561602       0.14228823523041273        6.9706714543123202E-002   3.8372283448992683E-002                       NaN
   1.2413999703078960       0.35836130351462858       0.14630038952824867        7.1672260702925705E-002   3.9454280999305598E-002                       NaN
   1.2667800702090586       0.36568790726962652       0.14929146298613269        7.3137581453925307E-002   4.0260913524874743E-002                       NaN
   1.2837254721421427       0.37057962345342277       0.15128849775560191        7.4115924690684551E-002   4.0799473751638927E-002                       NaN
   1.2925917646728744       0.37313910164308867       0.15233340035101259        7.4627820328617742E-002   4.1081263026084280E-002                       NaN
   1.2938350681626232       0.37349801244533409       0.15247992507245831        7.4699602489066819E-002   4.1120777804902732E-002                       NaN
   1.2879881149771422       0.37181014244754584       0.15179085503133599        7.4362028489509180E-002   4.0934949434121862E-002                       NaN
   1.2756384186445597       0.36824509219653251       0.15033542936094202        7.3649018439306504E-002   4.0542450319399827E-002                       NaN
   1.2574087741023556       0.36298264710469624       0.14818704514853989        7.2596529420939249E-002   3.9963074183191942E-002                       NaN
   1.2339401958099112       0.35620785210737588       0.14542124667264075        7.1241570421475178E-002   3.9217193802371042E-002                       NaN
   1.2058772957302026       0.34810679064974520       0.14211400218162035        6.9621358129949046E-002   3.8325296289979729E-002                       NaN
   1.1738560247384573       0.33886304593630617       0.13834025920487447        6.7772609187261232E-002   3.7307593491622250E-002                       NaN
   1.1384936447608156       0.32865480613666748       0.13417276275802681        6.5730961227333490E-002   3.6183703279109955E-002                       NaN
   1.1003807610271223       0.31765256429504718       0.12968111633491533        6.3530512859009430E-002   3.4972396318831846E-002                       NaN
   1.0600752207515240       0.30601735703107219       0.12493106286020483        6.1203471406214432E-002   3.3691402159094698E-002                       NaN
   1.0180976732528004       0.29389948285691797       0.11998396144455017        5.8779896571383598E-002   3.2357268121484276E-002                       NaN
  0.97492858432809881       0.28143764030124430       0.11489643552516658        5.6287528060248858E-002   3.0985264411433625E-002                       NaN
  0.93100650233428417       0.26875842736999545       0.10972016852155692        5.3751685473999090E-002   2.9589329010670972E-002                       NaN
  0.88672738301873366       0.25597614664183915       0.10450182426605793        5.1195229328367835E-002   2.8182046218933665E-002                       NaN
  0.84244479312233533       0.24319286404328944        9.9283070998683581E-002   4.8638572808657896E-002   2.6774653124896311E-002                       NaN
  0.79847082789772661       0.23049867371340790        9.4100689497686546E-002   4.6099734742681579E-002   2.5377068766814604E-002                       NaN
  0.75507759395224305       0.21797212606369121        8.8986747834275570E-002   4.3594425212738243E-002   2.3997941260367923E-002                       NaN
  0.71249912546781957       0.20568078094310932        8.3968827201296670E-002   4.1136156188621861E-002   2.2644708700125585E-002                       NaN
  0.67093361828782738       0.19368185256342338        7.9070285202891555E-002   3.8736370512684679E-002   2.1323670163487529E-002                       NaN
  0.63054588216852836       0.18202291740320495        7.4310544855103355E-002   3.6404583480640983E-002   2.0040063648351709E-002                       NaN
  0.59146992637386941       0.17074266060476082        6.9705399301145166E-002   3.4148532120952160E-002   1.8798148248710980E-002                       NaN
  0.55381160755327807       0.15987164035061224        6.5267323866790974E-002   3.1974328070122446E-002   1.7601288309733745E-002                       NaN
  0.51765128137157801       0.14943305332311763        6.1005788557958053E-002   2.9886610664623524E-002   1.6452037702094781E-002                       NaN
  0.48304641061044556       0.13944348759851163        5.6927565428411250E-002   2.7888697519702323E-002   1.5352222712880833E-002                       NaN
  0.45003409243274040       0.12991365220527579        5.3037026420720709E-002   2.5982730441055157E-002   1.4303022367323694E-002                       NaN
  0.41863347623113523       0.12084907509691735        4.9336428312455508E-002   2.4169815019383471E-002   1.3305045273074046E-002                       NaN
  0.38884805103273534       0.11225076346880554        4.5826182289403307E-002   2.2450152693761109E-002   1.2358402318692469E-002                       NaN
  0.36066778788086790       0.10411582221052294        4.2505106427685499E-002   2.0823164442104591E-002   1.1462774763012410E-002                       NaN
  0.33407112805341077        9.6438027855059325E-002   3.9370660007534371E-002   1.9287605571011866E-002   1.0617477424866694E-002                       NaN
  0.30902681249864616        8.9208356691452689E-002   3.6419159114376078E-002   1.7841671338290538E-002   9.8215168263757133E-003                       NaN
  0.28549555157062284        8.2415466775869889E-002   3.3645973419030181E-002   1.6483093355173978E-002   9.0736442606208188E-003                       NaN
  0.26343153712070094        7.6046134434836779E-002   3.1045704379407221E-002   1.5209226886967358E-002   8.3724038490683300E-003                       NaN
  0.24278380134075478        7.0085646529482695E-002   2.8612345381715885E-002   1.4017129305896539E-002   7.7161757284414517E-003                       NaN
  0.22349742854156196        6.4518150265829979E-002   2.6339424549915717E-002   1.2903630053165995E-002   7.1032145635656473E-003                       NaN
  0.20551462736609094        5.9326962716109106E-002   2.4220131107264883E-002   1.1865392543221822E-002   6.5316836245438714E-003                       NaN
  0.18877567185380287        5.4494842480622772E-002   2.2247426281811748E-002   1.0898968496124555E-002   5.9996846957434393E-003                       NaN
  0.17321972035381800        5.0004226087614255E-002   2.0414139816237020E-002   1.0000845217522850E-002   5.5052841025649583E-003                       NaN
  0.15878552159001189        4.5837431816704237E-002   1.8713053178423391E-002   9.1674863633408477E-003   5.0465351516641539E-003                       NaN
  0.14541201726122624        4.1976833654587736E-002   1.7136970578571394E-002   8.3953667309175466E-003   4.6214972828437844E-003                       NaN
  0.13303885045980254        3.8405008062822682E-002   1.5678778886898236E-002   7.6810016125645354E-003   4.2282522276553495E-003                       NaN
  0.12160678895061343        3.5104856167961336E-002   1.4331497517550010E-002   7.0209712335922662E-003   3.8649174620898059E-003                       NaN
  0.11105807200419379        3.2059703883651064E-002   1.3088319303278214E-002   6.4119407767302119E-003   3.5296572296580680E-003                       NaN
  0.10133668904995424        2.9253382350888243E-002   1.1942643335035868E-002   5.8506764701776477E-003   3.2206913975714943E-003                       NaN
   9.2388597932786989E-002   2.6670290943273334E-002   1.0888100683765186E-002   5.3340581886546666E-003   2.9363023933921682E-003                       NaN
   8.4161890038595893E-002   2.4295444934645513E-002   9.9185738606279491E-003   4.8590889869291019E-003   2.6748404530667490E-003                       NaN
   7.6606909017797278E-002   2.2114509771605215E-002   9.0282108087042217E-003   4.4229019543210422E-003   2.4347273942070167E-003                       NaN
   6.9676329293932873E-002   2.0113823736998573E-002   8.2114341553211380E-003   4.0227647473997149E-003   2.2144591112573920E-003                       NaN
   6.3325200007783577E-002   1.8280410635490369E-002   7.4629463909163625E-003   3.6560821270980736E-003   2.0126069721305446E-003                       NaN
   5.7510959524033581E-002   1.6601983981277234E-002   6.7777315786648681E-003   3.3203967962554463E-003   1.8278182792594508E-003                       NaN
   5.2193425123874648E-002   1.5066944022598802E-002   6.1510541397406804E-003   3.0133888045197604E-003   1.6588159420068489E-003                       NaN
   4.7334762027556931E-002   1.3664368799318434E-002   5.5784552025895003E-003   2.7328737598636870E-003   1.5043974921372793E-003                       NaN
   4.2899435438979908E-002   1.2384000299389009E-002   5.0557469513295306E-003   2.4768000598778023E-003   1.3634335596941303E-003                       NaN
   3.8854148882004710E-002   1.1216226658079607E-002   4.5790053586162068E-003   2.2432453316159214E-003   1.2348659131989983E-003                       NaN
   3.5167771706345975E-002   1.0152061230729077E-002   4.1445616421296062E-003   2.0304122461458156E-003   1.1177051556376840E-003                       NaN
   3.1811258279982685E-002   9.1831192656043580E-003   3.7489927413087445E-003   1.8366238531208716E-003   1.0110281562264194E-003                       NaN
   2.8757561054728872E-002   8.3015928080924055E-003   3.3891110720308251E-003   1.6603185616184814E-003   9.1397528745433326E-004                       NaN
   2.5981539391167530E-002   7.5002243807257190E-003   3.0619537815266603E-003   1.5000448761451439E-003   8.2574752734963146E-004                       NaN
   2.3459865757458821E-002   6.7722799051106678E-003   2.7647716938042025E-003   1.3544559810221334E-003   7.4560347828202321E-004                       NaN
   2.1170930672212679E-002   6.1115212612984473E-003   2.4950181070586431E-003   1.2223042522596895E-003   6.7285634584889433E-004                       NaN
   1.9094747543110580E-002   5.5121788170614189E-003   2.2503375787964429E-003   1.1024357634122838E-003   6.0687091444817096E-004                       NaN
   1.7212858358602964E-002   4.9689242034311604E-003   2.0285548114952834E-003   9.9378484068623194E-004   5.4706054996370721E-004                       NaN
   1.5508241018068043E-002   4.4768435632195911E-003   1.8276637313585468E-003   8.9536871264391817E-004   4.9288425452439534E-004                       NaN
   1.3965218934549330E-002   4.0314114555770565E-003   1.6458168348957671E-003   8.0628229111541136E-004   4.4384379349056587E-004                       NaN
   1.2569373411863980E-002   3.6284655614422972E-003   1.4813148624658187E-003   7.2569311228845947E-004   3.9948091061568455E-004                       NaN
   1.1307459182806959E-002   3.2641823015221515E-003   1.3325968443588161E-003   6.5283646030443027E-004   3.5937464367426572E-004                       NaN
   1.0167323395744820E-002   2.9350534497356254E-003   1.1982305532746327E-003   5.8701068994712505E-004   3.2313874968680482E-004                       NaN
   9.1378282515548193E-003   2.6378638004218710E-003   1.0769033869987375E-003   5.2757276008437415E-004   2.9041924616029938E-004                       NaN
   8.2087774201617062E-003   2.3696699266240414E-003   9.6741369650789246E-004   4.7393398532480824E-004   2.6089207245227111E-004                       NaN
   7.3708463044957406E-003   2.1277800490279871E-003   8.6866256749879044E-004   4.2555600980559747E-004   2.3426087341386049E-004                       NaN
   6.6155161682740484E-003   1.9097350202906716E-003   7.7964605727263731E-004   3.8194700405813436E-004   2.1025490583328845E-004                       NaN
   5.9350121014268347E-003   1.7132904172012348E-003   6.9944788389052280E-004   3.4265808344024698E-004   1.8862706684767848E-004                       NaN
   5.3222447621792341E-003   1.5363997230686283E-003   6.2723256041192002E-004   3.0727994461372566E-004   1.6915204238487349E-004                       NaN
   4.7707558067822727E-003   1.3771985746418578E-003   5.6223896372680729E-004   2.7543971492837154E-004   1.5162457280643569E-004                       NaN
   4.2746668957768423E-003   1.2339900414863709E-003   5.0377432488624238E-004   2.4679800829727417E-004   1.3585783222032688E-004                       NaN
   3.8286321486732111E-003   1.1052309008322669E-003   4.5120862583260832E-004   2.2104618016645340E-004   1.2168191739142920E-004                       NaN
   3.4277939063173265E-003   9.8951886726943356E-004   4.0396938594448444E-004   1.9790377345388672E-004   1.0894244177725271E-004                       NaN
   3.0677416513518025E-003   8.8558073410609510E-004   3.6153682076654617E-004   1.7711614682121903E-004   9.7499229934481295E-005                       NaN
   2.7444739314928732E-003   7.9226138156566030E-004   3.2343935462471909E-004   1.5845227631313208E-004   8.7225107361274174E-005                       NaN
   2.4543631273281426E-003   7.0851360612599751E-004   2.8924946847132526E-004   1.4170272122519950E-004   7.8004780744373348E-005                       NaN
   2.1941229055477420E-003   6.3338872507655633E-004   2.5857986421158987E-004   1.2667774501531128E-004   6.9733803554887091E-005                       NaN
   1.9607781995613100E-003   5.6602791066893597E-004   2.3107992688542527E-004   1.1320558213378719E-004   6.2317621969667901E-005                       NaN
   1.7516375619830904E-003   5.0565420896679842E-004   2.0643246637655244E-004   1.0113084179335970E-004   5.5670696175607797E-005                       NaN
   1.5642677371897793E-003   4.5156519957558291E-004   1.8435072075970483E-004   9.0313039915116582E-005   4.9715692232477022E-005                       NaN
   1.3964703068133934E-003   4.0312625377701602E-004   1.6457560394556817E-004   8.0625250755403198E-005   4.4382739817962828E-005                       NaN
   1.2462602664032227E-003   3.5976435014411763E-004   1.4687318091617866E-004   7.1952870028823526E-005   3.9608751349290616E-005                       NaN
   1.1118463973879098E-003   3.2096240841471269E-004   1.3103235453847066E-004   6.4192481682942540E-005   3.5336798163228682E-005                       NaN
   9.9161330473032921E-004   2.8625410420903496E-004   1.1686274868160302E-004   5.7250820841806990E-005   3.1515539635285268E-005                       NaN
   8.8410499715904428E-004   2.5521912905083376E-004   1.0419277312867892E-004   5.1043825810166756E-005   2.8098701325207646E-005                       NaN
   7.8800989346764503E-004   2.2747886205881659E-004   9.2867856552176779E-005   4.5495772411763318E-005   2.5044598445893473E-005                       NaN
   7.0214714500359992E-004   2.0269242158927779E-004   8.2748834603803251E-005   4.0538484317855566E-005   2.2315701163551091E-005                       NaN
   6.2545417104483661E-004   1.8055306700925531E-004   7.3710480944535781E-005   3.6110613401851060E-005   1.9878238445962182E-005                       NaN
   5.5697531022319091E-004   1.6078492264466732E-004   6.5640169802049891E-005   3.2156984528933458E-005   1.7701837381042357E-005                       NaN
   4.9585149745002980E-004   1.4313999776542687E-004   5.8436659384736700E-005   2.8627999553085377E-005   1.5759195088000323E-005                       NaN
   4.4131088189257621E-004   1.2739547822849501E-004   5.2008986199609363E-005   2.5479095645699004E-005   1.4025780537051715E-005                       NaN
   3.9266030741095837E-004   1.1335126709189902E-004   4.6275461012180504E-005   2.2670253418379805E-005   1.2479563779934088E-005                       NaN
   3.4927758247488402E-004   1.0082775313188798E-004   4.1162757847405683E-005   2.0165550626377600E-005   1.1100770271731461E-005                       NaN
   3.1060447192100571E-004   8.9663787737547106E-005   3.6605088060368289E-005   1.7932757547509420E-005   9.8716581343020670E-006                       NaN
   2.7614034797896576E-004   7.9714852119886414E-005   3.2543452102523275E-005   1.5942970423977281E-005   8.7763163726401187E-006                       NaN
   2.4543644278195940E-004   7.0851398154554224E-005   2.8924962173571258E-005   1.4170279630910844E-005   7.8004822076704897E-006                       NaN
   2.1809064908643864E-004   6.2957347478897774E-005   2.5702229480399410E-005   1.2591469495779555E-005   6.9313758322735889E-006                       NaN
   1.9374282015842143E-004   5.5928734686010939E-005   2.2832810323370925E-005   1.1185746937202187E-005   6.1575510318663894E-006                       NaN
   1.7207052374639548E-004   4.9672481602290655E-005   2.0278705697232850E-005   9.9344963204581310E-006   5.4687602368027808E-006                       NaN
   1.5278520876059690E-004   4.4105290703061895E-005   1.8005909529936729E-005   8.8210581406123780E-006   4.8558326914435694E-006                       NaN
   1.3562874672459998E-004   3.9152646715649688E-005   1.5984001088799564E-005   7.8305293431299366E-006   4.3105645342723916E-006                       NaN
